2021-03-22 19:18:52,783 INFO o.a.j.u.JMeterUtils: Setting Locale to en_EN
2021-03-22 19:18:52,805 INFO o.a.j.JMeter: Loading user properties from: /usr/local/Cellar/jmeter/5.4/libexec/bin/user.properties
2021-03-22 19:18:52,806 INFO o.a.j.JMeter: Loading system properties from: /usr/local/Cellar/jmeter/5.4/libexec/bin/system.properties
2021-03-22 19:18:52,811 INFO o.a.j.JMeter: Copyright (c) 1998-2020 The Apache Software Foundation
2021-03-22 19:18:52,811 INFO o.a.j.JMeter: Version 5.4
2021-03-22 19:18:52,811 INFO o.a.j.JMeter: java.version=15.0.1
2021-03-22 19:18:52,811 INFO o.a.j.JMeter: java.vm.name=OpenJDK 64-Bit Server VM
2021-03-22 19:18:52,811 INFO o.a.j.JMeter: os.name=Mac OS X
2021-03-22 19:18:52,812 INFO o.a.j.JMeter: os.arch=x86_64
2021-03-22 19:18:52,812 INFO o.a.j.JMeter: os.version=11.2.1
2021-03-22 19:18:52,812 INFO o.a.j.JMeter: file.encoding=UTF-8
2021-03-22 19:18:52,812 INFO o.a.j.JMeter: java.awt.headless=null
2021-03-22 19:18:52,812 INFO o.a.j.JMeter: Max memory     =1073741824
2021-03-22 19:18:52,812 INFO o.a.j.JMeter: Available Processors =12
2021-03-22 19:18:52,819 INFO o.a.j.JMeter: Default Locale=English (EN)
2021-03-22 19:18:52,820 INFO o.a.j.JMeter: JMeter  Locale=English (EN)
2021-03-22 19:18:52,820 INFO o.a.j.JMeter: JMeterHome=/usr/local/Cellar/jmeter/5.4/libexec
2021-03-22 19:18:52,820 INFO o.a.j.JMeter: user.dir  =/Users/jahidul/IdeaProjects/B2003_QAAE
2021-03-22 19:18:52,820 INFO o.a.j.JMeter: PWD       =/Users/jahidul/IdeaProjects/B2003_QAAE
2021-03-22 19:18:52,826 INFO o.a.j.JMeter: IP: 192.168.1.153 Name: Mds-MBP-2 FullName: mds-mbp-2
2021-03-22 19:18:53,249 INFO o.a.j.JMeter: Setting LAF to: com.github.weisj.darklaf.DarkLaf:com.github.weisj.darklaf.theme.DarculaTheme
2021-03-22 19:18:54,121 INFO o.a.j.JMeter: Loaded icon properties from org/apache/jmeter/images/icon.properties
2021-03-22 19:18:54,939 INFO o.j.r.JARSourceHTTP: Found cached repo
2021-03-22 19:18:55,063 INFO o.j.r.PluginManager: Plugins Status: [jpgc-plugins-manager=1.6, jmeter-core=5.4, jmeter-ftp=5.4, jmeter-http=5.4, jmeter-jdbc=5.4, jmeter-jms=5.4, jmeter-junit=5.4, jmeter-java=5.4, jmeter-ldap=5.4, jmeter-mail=5.4, jmeter-mongodb=5.4, jmeter-native=5.4, jmeter-tcp=5.4, jmeter-components=5.4]
2021-03-22 19:20:48,015 INFO o.a.j.s.FileServer: Default base='/Users/jahidul/IdeaProjects/B2003_QAAE'
2021-03-22 19:20:48,018 INFO o.a.j.g.a.Load: Loading file: /Users/jahidul/IdeaProjects/B2003_QAAE/B2002JmeterMaven/src/test/jmeter/Sample.jmx
2021-03-22 19:20:48,018 INFO o.a.j.s.FileServer: Set new base='/Users/jahidul/IdeaProjects/B2003_QAAE/B2002JmeterMaven/src/test/jmeter'
2021-03-22 19:20:48,191 INFO o.a.j.s.SaveService: Testplan (JMX) version: 2.2. Testlog (JTL) version: 2.2
2021-03-22 19:20:48,198 INFO o.a.j.s.SaveService: Using SaveService properties version 5.0
2021-03-22 19:20:48,200 INFO o.a.j.s.SaveService: Using SaveService properties file encoding UTF-8
2021-03-22 19:20:48,201 INFO o.a.j.s.SaveService: Loading file: /Users/jahidul/IdeaProjects/B2003_QAAE/B2002JmeterMaven/src/test/jmeter/Sample.jmx
2021-03-22 19:20:48,320 INFO o.a.j.p.h.s.HTTPSamplerBase: Parser for text/html is org.apache.jmeter.protocol.http.parser.LagartoBasedHtmlParser
2021-03-22 19:20:48,320 INFO o.a.j.p.h.s.HTTPSamplerBase: Parser for application/xhtml+xml is org.apache.jmeter.protocol.http.parser.LagartoBasedHtmlParser
2021-03-22 19:20:48,320 INFO o.a.j.p.h.s.HTTPSamplerBase: Parser for application/xml is org.apache.jmeter.protocol.http.parser.LagartoBasedHtmlParser
2021-03-22 19:20:48,320 INFO o.a.j.p.h.s.HTTPSamplerBase: Parser for text/xml is org.apache.jmeter.protocol.http.parser.LagartoBasedHtmlParser
2021-03-22 19:20:48,320 INFO o.a.j.p.h.s.HTTPSamplerBase: Parser for text/vnd.wap.wml is org.apache.jmeter.protocol.http.parser.RegexpHTMLParser
2021-03-22 19:20:48,320 INFO o.a.j.p.h.s.HTTPSamplerBase: Parser for text/css is org.apache.jmeter.protocol.http.parser.CssParser
2021-03-22 19:20:48,554 INFO o.a.j.s.SampleResult: Note: Sample TimeStamps are START times
2021-03-22 19:20:48,554 INFO o.a.j.s.SampleResult: sampleresult.default.encoding is set to ISO-8859-1
2021-03-22 19:20:48,554 INFO o.a.j.s.SampleResult: sampleresult.useNanoTime=true
2021-03-22 19:20:48,554 INFO o.a.j.s.SampleResult: sampleresult.nanoThreadSleep=5000
2021-03-22 19:20:48,734 INFO o.a.j.v.ViewResultsFullVisualizer: Add JavaFX to your Java installation if you want to use renderer: org.apache.jmeter.visualizers.RenderInBrowser
2021-03-22 19:20:48,826 INFO o.a.j.s.FileServer: Set new base='/Users/jahidul/IdeaProjects/B2003_QAAE/B2002JmeterMaven/src/test/jmeter'
