2021-03-22 20:41:01,164 INFO o.a.j.u.JMeterUtils: Setting Locale to en_EN
2021-03-22 20:41:01,185 INFO o.a.j.JMeter: Loading user properties from: /usr/local/Cellar/jmeter/5.4/libexec/bin/user.properties
2021-03-22 20:41:01,186 INFO o.a.j.JMeter: Loading system properties from: /usr/local/Cellar/jmeter/5.4/libexec/bin/system.properties
2021-03-22 20:41:01,192 INFO o.a.j.JMeter: Copyright (c) 1998-2020 The Apache Software Foundation
2021-03-22 20:41:01,192 INFO o.a.j.JMeter: Version 5.4
2021-03-22 20:41:01,192 INFO o.a.j.JMeter: java.version=15.0.1
2021-03-22 20:41:01,192 INFO o.a.j.JMeter: java.vm.name=OpenJDK 64-Bit Server VM
2021-03-22 20:41:01,192 INFO o.a.j.JMeter: os.name=Mac OS X
2021-03-22 20:41:01,192 INFO o.a.j.JMeter: os.arch=x86_64
2021-03-22 20:41:01,192 INFO o.a.j.JMeter: os.version=11.2.1
2021-03-22 20:41:01,192 INFO o.a.j.JMeter: file.encoding=UTF-8
2021-03-22 20:41:01,193 INFO o.a.j.JMeter: java.awt.headless=true
2021-03-22 20:41:01,193 INFO o.a.j.JMeter: Max memory     =1073741824
2021-03-22 20:41:01,193 INFO o.a.j.JMeter: Available Processors =12
2021-03-22 20:41:01,200 INFO o.a.j.JMeter: Default Locale=English (EN)
2021-03-22 20:41:01,200 INFO o.a.j.JMeter: JMeter  Locale=English (EN)
2021-03-22 20:41:01,200 INFO o.a.j.JMeter: JMeterHome=/usr/local/Cellar/jmeter/5.4/libexec
2021-03-22 20:41:01,200 INFO o.a.j.JMeter: user.dir  =/Users/jahidul/IdeaProjects/B2003_QAAE/Jmeter
2021-03-22 20:41:01,201 INFO o.a.j.JMeter: PWD       =/Users/jahidul/IdeaProjects/B2003_QAAE/Jmeter
2021-03-22 20:41:01,214 INFO o.a.j.JMeter: IP: 192.168.1.153 Name: Mds-MBP-2 FullName: mds-mbp-2
2021-03-22 20:41:01,218 INFO o.a.j.JMeter: Setting property 'jmeter.reportgenerator.outputdir' to:'/Users/jahidul/IdeaProjects/B2003_QAAE/Jmeter/resultDirectory'
2021-03-22 20:41:01,220 INFO o.a.j.s.FileServer: Default base='/Users/jahidul/IdeaProjects/B2003_QAAE/Jmeter'
2021-03-22 20:41:01,221 INFO o.a.j.s.FileServer: Set new base='/Users/jahidul/IdeaProjects/B2003_QAAE/Jmeter'
2021-03-22 20:41:01,354 INFO o.a.j.s.SaveService: Testplan (JMX) version: 2.2. Testlog (JTL) version: 2.2
2021-03-22 20:41:01,375 INFO o.a.j.s.SaveService: Using SaveService properties version 5.0
2021-03-22 20:41:01,377 INFO o.a.j.s.SaveService: Using SaveService properties file encoding UTF-8
2021-03-22 20:41:01,380 INFO o.a.j.s.SaveService: Loading file: SampleHTTPRequest.jmx
2021-03-22 20:41:01,417 INFO o.a.j.p.h.s.HTTPSamplerBase: Parser for text/html is org.apache.jmeter.protocol.http.parser.LagartoBasedHtmlParser
2021-03-22 20:41:01,417 INFO o.a.j.p.h.s.HTTPSamplerBase: Parser for application/xhtml+xml is org.apache.jmeter.protocol.http.parser.LagartoBasedHtmlParser
2021-03-22 20:41:01,417 INFO o.a.j.p.h.s.HTTPSamplerBase: Parser for application/xml is org.apache.jmeter.protocol.http.parser.LagartoBasedHtmlParser
2021-03-22 20:41:01,417 INFO o.a.j.p.h.s.HTTPSamplerBase: Parser for text/xml is org.apache.jmeter.protocol.http.parser.LagartoBasedHtmlParser
2021-03-22 20:41:01,417 INFO o.a.j.p.h.s.HTTPSamplerBase: Parser for text/vnd.wap.wml is org.apache.jmeter.protocol.http.parser.RegexpHTMLParser
2021-03-22 20:41:01,417 INFO o.a.j.p.h.s.HTTPSamplerBase: Parser for text/css is org.apache.jmeter.protocol.http.parser.CssParser
2021-03-22 20:41:01,448 INFO o.a.j.JMeter: Creating summariser <summary>
2021-03-22 20:41:01,452 INFO o.a.j.r.d.ReportGenerator: ReportGenerator will use for Parsing the separator: ','
2021-03-22 20:41:01,452 INFO o.a.j.r.d.ReportGenerator: Will generate report at end of test from  results file: result.csv
2021-03-22 20:41:01,452 INFO o.a.j.r.d.ReportGenerator: Reading report generator properties from: /usr/local/Cellar/jmeter/5.4/libexec/bin/reportgenerator.properties
2021-03-22 20:41:01,453 INFO o.a.j.r.d.ReportGenerator: Merging with JMeter properties
2021-03-22 20:41:01,458 INFO o.a.j.r.c.ReportGeneratorConfiguration: Property 'jmeter.reportgenerator.temp_dir' not found, using default value 'temp' instead.
2021-03-22 20:41:01,460 INFO o.a.j.r.c.ReportGeneratorConfiguration: Property 'jmeter.reportgenerator.apdex_per_transaction' not found, using default value 'null' instead.
2021-03-22 20:41:01,460 INFO o.a.j.r.c.ReportGeneratorConfiguration: apdex_per_transaction is empty, not APDEX per transaction customization
2021-03-22 20:41:01,460 INFO o.a.j.r.c.ReportGeneratorConfiguration: Property 'jmeter.reportgenerator.sample_filter' not found, using default value 'null' instead.
2021-03-22 20:41:01,460 INFO o.a.j.r.c.ReportGeneratorConfiguration: Property 'jmeter.reportgenerator.report_title' not found, using default value 'null' instead.
2021-03-22 20:41:01,460 INFO o.a.j.r.c.ReportGeneratorConfiguration: Property 'jmeter.reportgenerator.start_date' not found, using default value 'null' instead.
2021-03-22 20:41:01,460 INFO o.a.j.r.c.ReportGeneratorConfiguration: Property 'jmeter.reportgenerator.end_date' not found, using default value 'null' instead.
2021-03-22 20:41:01,460 INFO o.a.j.r.c.ReportGeneratorConfiguration: Property 'jmeter.reportgenerator.date_format' not found, using default value 'null' instead.
2021-03-22 20:41:01,461 INFO o.a.j.r.c.ReportGeneratorConfiguration: Will use date range start date: null, end date: null
2021-03-22 20:41:01,465 INFO o.a.j.r.c.ReportGeneratorConfiguration: Property 'jmeter.reportgenerator.graph.totalTPS.exclude_controllers' not found, using default value 'false' instead.
2021-03-22 20:41:01,465 INFO o.a.j.r.c.ReportGeneratorConfiguration: Property 'jmeter.reportgenerator.graph.activeThreadsOverTime.exclude_controllers' not found, using default value 'false' instead.
2021-03-22 20:41:01,465 INFO o.a.j.r.c.ReportGeneratorConfiguration: Property 'jmeter.reportgenerator.graph.timeVsThreads.exclude_controllers' not found, using default value 'false' instead.
2021-03-22 20:41:01,465 INFO o.a.j.r.c.ReportGeneratorConfiguration: Property 'jmeter.reportgenerator.graph.responseTimeDistribution.exclude_controllers' not found, using default value 'false' instead.
2021-03-22 20:41:01,465 INFO o.a.j.r.c.ReportGeneratorConfiguration: Property 'jmeter.reportgenerator.graph.transactionsPerSecond.exclude_controllers' not found, using default value 'false' instead.
2021-03-22 20:41:01,466 INFO o.a.j.r.c.ReportGeneratorConfiguration: Property 'jmeter.reportgenerator.graph.responseTimePercentiles.exclude_controllers' not found, using default value 'false' instead.
2021-03-22 20:41:01,466 INFO o.a.j.r.c.ReportGeneratorConfiguration: Property 'jmeter.reportgenerator.graph.responseTimePercentilesOverTime.exclude_controllers' not found, using default value 'false' instead.
2021-03-22 20:41:01,466 INFO o.a.j.r.c.ReportGeneratorConfiguration: Property 'jmeter.reportgenerator.graph.responseTimesOverTime.exclude_controllers' not found, using default value 'false' instead.
2021-03-22 20:41:01,466 INFO o.a.j.r.c.ReportGeneratorConfiguration: Property 'jmeter.reportgenerator.graph.connectTimeOverTime.exclude_controllers' not found, using default value 'false' instead.
2021-03-22 20:41:01,466 INFO o.a.j.r.c.ReportGeneratorConfiguration: Property 'jmeter.reportgenerator.graph.latenciesOverTime.exclude_controllers' not found, using default value 'false' instead.
2021-03-22 20:41:01,467 INFO o.a.j.r.c.ReportGeneratorConfiguration: Property 'jmeter.reportgenerator.exporter.json.filters_only_sample_series' not found, using default value 'true' instead.
2021-03-22 20:41:01,467 INFO o.a.j.r.c.ReportGeneratorConfiguration: Property 'jmeter.reportgenerator.exporter.json.series_filter' not found, using default value '' instead.
2021-03-22 20:41:01,467 INFO o.a.j.r.c.ReportGeneratorConfiguration: Property 'jmeter.reportgenerator.exporter.json.show_controllers_only' not found, using default value 'false' instead.
2021-03-22 20:41:01,468 INFO o.a.j.r.c.ReportGeneratorConfiguration: Property 'jmeter.reportgenerator.exporter.html.filters_only_sample_series' not found, using default value 'true' instead.
2021-03-22 20:41:01,468 INFO o.a.j.r.c.ReportGeneratorConfiguration: Property 'jmeter.reportgenerator.exporter.html.series_filter' not found, using default value '' instead.
2021-03-22 20:41:01,468 INFO o.a.j.r.c.ReportGeneratorConfiguration: Property 'jmeter.reportgenerator.exporter.html.show_controllers_only' not found, using default value 'false' instead.
2021-03-22 20:41:01,471 INFO o.a.j.e.StandardJMeterEngine: Running the test!
2021-03-22 20:41:01,472 INFO o.a.j.s.SampleEvent: List of sample_variables: []
2021-03-22 20:41:01,472 INFO o.a.j.s.SampleEvent: List of sample_variables: []
2021-03-22 20:41:01,476 INFO o.a.j.e.u.CompoundVariable: Note: Function class names must contain the string: '.functions.'
2021-03-22 20:41:01,476 INFO o.a.j.e.u.CompoundVariable: Note: Function class names must not contain the string: '.gui.'
2021-03-22 20:41:01,529 INFO o.a.j.JMeter: Running test (1616460061529)
2021-03-22 20:41:01,544 INFO o.a.j.e.StandardJMeterEngine: Starting ThreadGroup: 1 : Thread Group
2021-03-22 20:41:01,544 INFO o.a.j.e.StandardJMeterEngine: Starting 1 threads for group Thread Group.
2021-03-22 20:41:01,544 INFO o.a.j.e.StandardJMeterEngine: Thread will continue on error
2021-03-22 20:41:01,544 INFO o.a.j.t.ThreadGroup: Starting thread group... number=1 threads=1 ramp-up=1 delayedStart=false
2021-03-22 20:41:01,547 INFO o.a.j.t.ThreadGroup: Started thread group number 1
2021-03-22 20:41:01,547 INFO o.a.j.e.StandardJMeterEngine: All thread groups have been started
2021-03-22 20:41:01,550 INFO o.a.j.s.SampleResult: Note: Sample TimeStamps are START times
2021-03-22 20:41:01,551 INFO o.a.j.s.SampleResult: sampleresult.default.encoding is set to ISO-8859-1
2021-03-22 20:41:01,551 INFO o.a.j.s.SampleResult: sampleresult.useNanoTime=true
2021-03-22 20:41:01,551 INFO o.a.j.s.SampleResult: sampleresult.nanoThreadSleep=5000
2021-03-22 20:41:01,552 INFO o.a.j.t.JMeterThread: Thread started: Thread Group 1-1
2021-03-22 20:41:01,570 INFO o.a.j.p.h.s.HTTPHCAbstractImpl: Local host = Mds-MBP-2
2021-03-22 20:41:01,577 INFO o.a.j.p.h.s.HTTPHC4Impl: HTTP request retry count = 0
2021-03-22 20:41:01,698 INFO o.a.j.p.h.s.h.LazyLayeredConnectionSocketFactory: Setting up HTTPS TrustAll Socket Factory
2021-03-22 20:41:01,703 INFO o.a.j.u.JsseSSLManager: Using default SSL protocol: TLS
2021-03-22 20:41:01,704 INFO o.a.j.u.JsseSSLManager: SSL session context: per-thread
2021-03-22 20:41:01,793 INFO o.a.j.u.SSLManager: JmeterKeyStore Location:  type JKS
2021-03-22 20:41:01,795 INFO o.a.j.u.SSLManager: KeyStore created OK
2021-03-22 20:41:01,796 WARN o.a.j.u.SSLManager: Keystore file not found, loading empty keystore
2021-03-22 20:41:02,117 INFO o.a.j.r.Summariser: summary +      1 in 00:00:01 =    1.7/s Avg:   443 Min:   443 Max:   443 Err:     0 (0.00%) Active: 1 Started: 1 Finished: 0
2021-03-22 20:41:04,293 INFO o.a.j.t.JMeterThread: Thread is done: Thread Group 1-1
2021-03-22 20:41:04,294 INFO o.a.j.t.JMeterThread: Thread finished: Thread Group 1-1
2021-03-22 20:41:04,294 INFO o.a.j.e.StandardJMeterEngine: Notifying test listeners of end of test
2021-03-22 20:41:04,295 INFO o.a.j.r.Summariser: summary +      3 in 00:00:02 =    1.4/s Avg:   719 Min:     0 Max:  1799 Err:     0 (0.00%) Active: 0 Started: 1 Finished: 1
2021-03-22 20:41:04,295 INFO o.a.j.r.Summariser: summary =      4 in 00:00:03 =    1.4/s Avg:   650 Min:     0 Max:  1799 Err:     0 (0.00%)
2021-03-22 20:41:04,296 INFO o.a.j.JMeter: Generating Dashboard
2021-03-22 20:41:04,296 INFO o.a.j.r.d.ReportGenerator: Flushing result collector before report Generation
2021-03-22 20:41:04,305 INFO o.a.j.r.p.NormalizerSampleConsumer: Using format, 'ms', to parse timeStamp field
2021-03-22 20:41:04,365 INFO o.a.j.r.p.AbstractSampleConsumer: class org.apache.jmeter.report.processor.AggregateConsumer#stopProducing(): beginDate produced 0 samples
2021-03-22 20:41:04,365 INFO o.a.j.r.p.AbstractSampleConsumer: class org.apache.jmeter.report.processor.AggregateConsumer#stopProducing(): endDate produced 0 samples
2021-03-22 20:41:04,367 INFO o.a.j.r.p.AbstractSampleConsumer: class org.apache.jmeter.report.processor.ApdexSummaryConsumer#stopProducing(): apdexSummary produced 0 samples
2021-03-22 20:41:04,367 INFO o.a.j.r.p.AbstractSampleConsumer: class org.apache.jmeter.report.processor.RequestsSummaryConsumer#stopProducing(): requestsSummary produced 0 samples
2021-03-22 20:41:04,375 INFO o.a.j.r.p.AbstractSampleConsumer: class org.apache.jmeter.report.processor.StatisticsSummaryConsumer#stopProducing(): statisticsSummary produced 0 samples
2021-03-22 20:41:04,380 INFO o.a.j.r.p.AbstractSampleConsumer: class org.apache.jmeter.report.processor.Top5ErrorsBySamplerConsumer#stopProducing(): top5ErrorsBySampler produced 0 samples
2021-03-22 20:41:04,380 INFO o.a.j.r.p.AbstractSampleConsumer: class org.apache.jmeter.report.processor.ErrorsSummaryConsumer#stopProducing(): errorsSummary produced 0 samples
2021-03-22 20:41:04,380 INFO o.a.j.r.p.AbstractSampleConsumer: class org.apache.jmeter.report.processor.graph.impl.HitsPerSecondGraphConsumer#stopProducing(): hitsPerSecond produced 0 samples
2021-03-22 20:41:04,387 INFO o.a.j.r.p.AbstractSampleConsumer: class org.apache.jmeter.report.processor.graph.impl.LatencyVSRequestGraphConsumer#stopProducing(): latencyVsRequest produced 0 samples
2021-03-22 20:41:04,387 INFO o.a.j.r.p.AbstractSampleConsumer: class org.apache.jmeter.report.processor.graph.impl.SyntheticResponseTimeDistributionGraphConsumer#stopProducing(): syntheticResponseTimeDistribution produced 0 samples
2021-03-22 20:41:04,388 INFO o.a.j.r.p.AbstractSampleConsumer: class org.apache.jmeter.report.processor.graph.impl.BytesThroughputGraphConsumer#stopProducing(): bytesThroughputOverTime produced 0 samples
2021-03-22 20:41:04,388 INFO o.a.j.r.p.AbstractSampleConsumer: class org.apache.jmeter.report.processor.graph.impl.CodesPerSecondGraphConsumer#stopProducing(): codesPerSecond produced 0 samples
2021-03-22 20:41:04,390 INFO o.a.j.r.p.AbstractSampleConsumer: class org.apache.jmeter.report.processor.graph.impl.ResponseTimeVSRequestGraphConsumer#stopProducing(): responseTimeVsRequest produced 0 samples
2021-03-22 20:41:04,390 INFO o.a.j.r.p.AbstractSampleConsumer: class org.apache.jmeter.report.processor.FilterConsumer#stopProducing(): startIntervalControlerFilter produced 28 samples
2021-03-22 20:41:04,390 INFO o.a.j.r.p.AbstractSampleConsumer: class org.apache.jmeter.report.processor.graph.impl.TotalTPSGraphConsumer#stopProducing(): totalTPS produced 0 samples
2021-03-22 20:41:04,390 INFO o.a.j.r.p.AbstractSampleConsumer: class org.apache.jmeter.report.processor.graph.impl.ActiveThreadsGraphConsumer#stopProducing(): activeThreadsOverTime produced 0 samples
2021-03-22 20:41:04,390 INFO o.a.j.r.p.AbstractSampleConsumer: class org.apache.jmeter.report.processor.graph.impl.TimeVSThreadGraphConsumer#stopProducing(): timeVsThreads produced 0 samples
2021-03-22 20:41:04,391 INFO o.a.j.r.p.AbstractSampleConsumer: class org.apache.jmeter.report.processor.graph.impl.ResponseTimeDistributionGraphConsumer#stopProducing(): responseTimeDistribution produced 0 samples
2021-03-22 20:41:04,391 INFO o.a.j.r.p.AbstractSampleConsumer: class org.apache.jmeter.report.processor.graph.impl.TransactionsPerSecondGraphConsumer#stopProducing(): transactionsPerSecond produced 0 samples
2021-03-22 20:41:04,391 INFO o.a.j.r.p.AbstractSampleConsumer: class org.apache.jmeter.report.processor.graph.impl.ResponseTimePercentilesGraphConsumer#stopProducing(): responseTimePercentiles produced 0 samples
2021-03-22 20:41:04,392 INFO o.a.j.r.p.AbstractSampleConsumer: class org.apache.jmeter.report.processor.graph.impl.ResponseTimePercentilesOverTimeGraphConsumer#stopProducing(): responseTimePercentilesOverTime produced 0 samples
2021-03-22 20:41:04,392 INFO o.a.j.r.p.AbstractSampleConsumer: class org.apache.jmeter.report.processor.graph.impl.ResponseTimeOverTimeGraphConsumer#stopProducing(): responseTimesOverTime produced 0 samples
2021-03-22 20:41:04,392 INFO o.a.j.r.p.AbstractSampleConsumer: class org.apache.jmeter.report.processor.graph.impl.ConnectTimeOverTimeGraphConsumer#stopProducing(): connectTimeOverTime produced 0 samples
2021-03-22 20:41:04,393 INFO o.a.j.r.p.AbstractSampleConsumer: class org.apache.jmeter.report.processor.graph.impl.LatencyOverTimeGraphConsumer#stopProducing(): latenciesOverTime produced 0 samples
2021-03-22 20:41:04,393 INFO o.a.j.r.p.AbstractSampleConsumer: class org.apache.jmeter.report.processor.FilterConsumer#stopProducing(): nameFilter produced 75 samples
2021-03-22 20:41:04,393 INFO o.a.j.r.p.AbstractSampleConsumer: class org.apache.jmeter.report.processor.FilterConsumer#stopProducing(): dateRangeFilter produced 15 samples
2021-03-22 20:41:04,393 INFO o.a.j.r.p.AbstractSampleConsumer: class org.apache.jmeter.report.processor.NormalizerSampleConsumer#stopProducing(): normalizer produced 5 samples
2021-03-22 20:41:04,393 INFO o.a.j.r.p.CsvFileSampleSource: produce(): 5 samples produced in 68ms on channel 0
2021-03-22 20:41:04,393 INFO o.a.j.r.d.ReportGenerator: Exporting data using exporter:'json' of className:'org.apache.jmeter.report.dashboard.JsonExporter'
2021-03-22 20:41:04,521 INFO o.a.j.r.d.JsonExporter: Found data for consumer statisticsSummary in context
2021-03-22 20:41:04,521 INFO o.a.j.r.d.JsonExporter: Creating statistics for overall
2021-03-22 20:41:04,522 INFO o.a.j.r.d.JsonExporter: Creating statistics for other transactions
2021-03-22 20:41:04,522 INFO o.a.j.r.d.JsonExporter: Checking output folder
2021-03-22 20:41:04,522 INFO o.a.j.r.d.JsonExporter: Writing statistics JSON to /Users/jahidul/IdeaProjects/B2003_QAAE/Jmeter/resultDirectory/statistics.json
2021-03-22 20:41:04,555 INFO o.a.j.r.d.ReportGenerator: Exporting data using exporter:'html' of className:'org.apache.jmeter.report.dashboard.HtmlTemplateExporter'
2021-03-22 20:41:04,558 INFO o.a.j.r.d.HtmlTemplateExporter: Will generate dashboard in folder: /Users/jahidul/IdeaProjects/B2003_QAAE/Jmeter/resultDirectory
2021-03-22 20:41:04,664 INFO o.a.j.r.d.HtmlTemplateExporter: Report will be generated in: /Users/jahidul/IdeaProjects/B2003_QAAE/Jmeter/resultDirectory, creating folder structure
2021-03-22 20:41:04,668 INFO o.a.j.r.d.TemplateVisitor: Copying folder from '/usr/local/Cellar/jmeter/5.4/libexec/bin/report-template' to '/Users/jahidul/IdeaProjects/B2003_QAAE/Jmeter/resultDirectory', got message: /Users/jahidul/IdeaProjects/B2003_QAAE/Jmeter/resultDirectory, found non empty folder with following content [/Users/jahidul/IdeaProjects/B2003_QAAE/Jmeter/resultDirectory/statistics.json], will be ignored
2021-03-22 20:41:04,970 INFO o.a.j.JMeter: Dashboard generated
